ERROR - 2024-11-09 02:54:44 --> mysqli_sql_exception: Table 'u696035254_api.jadwal_imam_khotib' doesn't exist in /home/u696035254/domains/api.dkm.web.id/public_html/system/Database/MySQLi/Connection.php:312
Stack trace:
#0 /home/u696035254/domains/api.dkm.web.id/public_html/system/Database/MySQLi/Connection.php(312): mysqli->query()
#1 /home/u696035254/domains/api.dkm.web.id/public_html/system/Database/BaseConnection.php(734): CodeIgniter\Database\MySQLi\Connection->execute()
#2 /home/u696035254/domains/api.dkm.web.id/public_html/system/Database/BaseConnection.php(648): CodeIgniter\Database\BaseConnection->simpleQuery()
#3 /home/u696035254/domains/api.dkm.web.id/public_html/system/Database/BaseBuilder.php(1644): CodeIgniter\Database\BaseConnection->query()
#4 /home/u696035254/domains/api.dkm.web.id/public_html/system/Model.php(286): CodeIgniter\Database\BaseBuilder->get()
#5 /home/u696035254/domains/api.dkm.web.id/public_html/system/BaseModel.php(676): CodeIgniter\Model->doFindAll()
#6 /home/u696035254/domains/api.dkm.web.id/public_html/app/Models/JadwalModel.php(28): CodeIgniter\BaseModel->findAll()
#7 /home/u696035254/domains/api.dkm.web.id/public_html/app/Controllers/JadwalController.php(15): App\Models\JadwalModel->getJadwalImamKhotib()
#8 /home/u696035254/domains/api.dkm.web.id/public_html/system/CodeIgniter.php(933): App\Controllers\JadwalController->index()
#9 /home/u696035254/domains/api.dkm.web.id/public_html/system/CodeIgniter.php(509): CodeIgniter\CodeIgniter->runController()
#10 /home/u696035254/domains/api.dkm.web.id/public_html/system/CodeIgniter.php(355): CodeIgniter\CodeIgniter->handleRequest()
#11 /home/u696035254/domains/api.dkm.web.id/public_html/system/Boot.php(325): CodeIgniter\CodeIgniter->run()
#12 /home/u696035254/domains/api.dkm.web.id/public_html/system/Boot.php(67): CodeIgniter\Boot::runCodeIgniter()
#13 /home/u696035254/domains/api.dkm.web.id/public_html/public/index.php(56): CodeIgniter\Boot::bootWeb()
#14 {main}
CRITICAL - 2024-11-09 02:54:44 --> CodeIgniter\Database\Exceptions\DatabaseException: Table 'u696035254_api.jadwal_imam_khotib' doesn't exist
[Method: GET, Route: /]
in SYSTEMPATH/Database/BaseConnection.php on line 688.
 1 SYSTEMPATH/Database/BaseBuilder.php(1644): CodeIgniter\Database\BaseConnection->query()
 2 SYSTEMPATH/Model.php(286): CodeIgniter\Database\BaseBuilder->get()
 3 SYSTEMPATH/BaseModel.php(676): CodeIgniter\Model->doFindAll()
 4 APPPATH/Models/JadwalModel.php(28): CodeIgniter\BaseModel->findAll()
 5 APPPATH/Controllers/JadwalController.php(15): App\Models\JadwalModel->getJadwalImamKhotib()
 6 SYSTEMPATH/CodeIgniter.php(933): App\Controllers\JadwalController->index()
 7 SYSTEMPATH/CodeIgniter.php(509): CodeIgniter\CodeIgniter->runController()
 8 SYSTEMPATH/CodeIgniter.php(355): CodeIgniter\CodeIgniter->handleRequest()
 9 SYSTEMPATH/Boot.php(325): CodeIgniter\CodeIgniter->run()
10 SYSTEMPATH/Boot.php(67): CodeIgniter\Boot::runCodeIgniter()
11 FCPATH/index.php(56): CodeIgniter\Boot::bootWeb()
CRITICAL - 2024-11-09 02:54:44 --> [Caused by] CodeIgniter\Database\Exceptions\DatabaseException: Table 'u696035254_api.jadwal_imam_khotib' doesn't exist
in SYSTEMPATH/Database/MySQLi/Connection.php on line 317.
 1 SYSTEMPATH/Database/BaseConnection.php(734): CodeIgniter\Database\MySQLi\Connection->execute()
 2 SYSTEMPATH/Database/BaseConnection.php(648): CodeIgniter\Database\BaseConnection->simpleQuery()
 3 SYSTEMPATH/Database/BaseBuilder.php(1644): CodeIgniter\Database\BaseConnection->query()
 4 SYSTEMPATH/Model.php(286): CodeIgniter\Database\BaseBuilder->get()
 5 SYSTEMPATH/BaseModel.php(676): CodeIgniter\Model->doFindAll()
 6 APPPATH/Models/JadwalModel.php(28): CodeIgniter\BaseModel->findAll()
 7 APPPATH/Controllers/JadwalController.php(15): App\Models\JadwalModel->getJadwalImamKhotib()
 8 SYSTEMPATH/CodeIgniter.php(933): App\Controllers\JadwalController->index()
 9 SYSTEMPATH/CodeIgniter.php(509): CodeIgniter\CodeIgniter->runController()
10 SYSTEMPATH/CodeIgniter.php(355): CodeIgniter\CodeIgniter->handleRequest()
11 SYSTEMPATH/Boot.php(325): CodeIgniter\CodeIgniter->run()
12 SYSTEMPATH/Boot.php(67): CodeIgniter\Boot::runCodeIgniter()
13 FCPATH/index.php(56): CodeIgniter\Boot::bootWeb()
CRITICAL - 2024-11-09 02:54:44 --> [Caused by] mysqli_sql_exception: Table 'u696035254_api.jadwal_imam_khotib' doesn't exist
in SYSTEMPATH/Database/MySQLi/Connection.php on line 312.
 1 SYSTEMPATH/Database/MySQLi/Connection.php(312): mysqli->query()
 2 SYSTEMPATH/Database/BaseConnection.php(734): CodeIgniter\Database\MySQLi\Connection->execute()
 3 SYSTEMPATH/Database/BaseConnection.php(648): CodeIgniter\Database\BaseConnection->simpleQuery()
 4 SYSTEMPATH/Database/BaseBuilder.php(1644): CodeIgniter\Database\BaseConnection->query()
 5 SYSTEMPATH/Model.php(286): CodeIgniter\Database\BaseBuilder->get()
 6 SYSTEMPATH/BaseModel.php(676): CodeIgniter\Model->doFindAll()
 7 APPPATH/Models/JadwalModel.php(28): CodeIgniter\BaseModel->findAll()
 8 APPPATH/Controllers/JadwalController.php(15): App\Models\JadwalModel->getJadwalImamKhotib()
 9 SYSTEMPATH/CodeIgniter.php(933): App\Controllers\JadwalController->index()
10 SYSTEMPATH/CodeIgniter.php(509): CodeIgniter\CodeIgniter->runController()
11 SYSTEMPATH/CodeIgniter.php(355): CodeIgniter\CodeIgniter->handleRequest()
12 SYSTEMPATH/Boot.php(325): CodeIgniter\CodeIgniter->run()
13 SYSTEMPATH/Boot.php(67): CodeIgniter\Boot::runCodeIgniter()
14 FCPATH/index.php(56): CodeIgniter\Boot::bootWeb()
ERROR - 2024-11-09 03:11:50 --> mysqli_sql_exception: You have an error in your SQL syntax; check the manual that corresponds to your MariaDB server version for the right syntax to use near ')' at line 3 in /home/u696035254/domains/api.dkm.web.id/public_html/system/Database/MySQLi/Connection.php:312
Stack trace:
#0 /home/u696035254/domains/api.dkm.web.id/public_html/system/Database/MySQLi/Connection.php(312): mysqli->query()
#1 /home/u696035254/domains/api.dkm.web.id/public_html/system/Database/BaseConnection.php(734): CodeIgniter\Database\MySQLi\Connection->execute()
#2 /home/u696035254/domains/api.dkm.web.id/public_html/system/Database/BaseConnection.php(648): CodeIgniter\Database\BaseConnection->simpleQuery()
#3 /home/u696035254/domains/api.dkm.web.id/public_html/system/Database/BaseBuilder.php(1644): CodeIgniter\Database\BaseConnection->query()
#4 /home/u696035254/domains/api.dkm.web.id/public_html/system/Model.php(286): CodeIgniter\Database\BaseBuilder->get()
#5 /home/u696035254/domains/api.dkm.web.id/public_html/system/BaseModel.php(676): CodeIgniter\Model->doFindAll()
#6 /home/u696035254/domains/api.dkm.web.id/public_html/app/Models/JadwalModel.php(30): CodeIgniter\BaseModel->findAll()
#7 /home/u696035254/domains/api.dkm.web.id/public_html/app/Controllers/JadwalController.php(15): App\Models\JadwalModel->getJadwalImamKhotibJumat()
#8 /home/u696035254/domains/api.dkm.web.id/public_html/system/CodeIgniter.php(933): App\Controllers\JadwalController->index()
#9 /home/u696035254/domains/api.dkm.web.id/public_html/system/CodeIgniter.php(509): CodeIgniter\CodeIgniter->runController()
#10 /home/u696035254/domains/api.dkm.web.id/public_html/system/CodeIgniter.php(355): CodeIgniter\CodeIgniter->handleRequest()
#11 /home/u696035254/domains/api.dkm.web.id/public_html/system/Boot.php(325): CodeIgniter\CodeIgniter->run()
#12 /home/u696035254/domains/api.dkm.web.id/public_html/system/Boot.php(67): CodeIgniter\Boot::runCodeIgniter()
#13 /home/u696035254/domains/api.dkm.web.id/public_html/public/index.php(56): CodeIgniter\Boot::bootWeb()
#14 {main}
CRITICAL - 2024-11-09 03:11:50 --> CodeIgniter\Database\Exceptions\DatabaseException: You have an error in your SQL syntax; check the manual that corresponds to your MariaDB server version for the right syntax to use near ')' at line 3
[Method: GET, Route: /]
in SYSTEMPATH/Database/BaseConnection.php on line 688.
 1 SYSTEMPATH/Database/BaseBuilder.php(1644): CodeIgniter\Database\BaseConnection->query()
 2 SYSTEMPATH/Model.php(286): CodeIgniter\Database\BaseBuilder->get()
 3 SYSTEMPATH/BaseModel.php(676): CodeIgniter\Model->doFindAll()
 4 APPPATH/Models/JadwalModel.php(30): CodeIgniter\BaseModel->findAll()
 5 APPPATH/Controllers/JadwalController.php(15): App\Models\JadwalModel->getJadwalImamKhotibJumat()
 6 SYSTEMPATH/CodeIgniter.php(933): App\Controllers\JadwalController->index()
 7 SYSTEMPATH/CodeIgniter.php(509): CodeIgniter\CodeIgniter->runController()
 8 SYSTEMPATH/CodeIgniter.php(355): CodeIgniter\CodeIgniter->handleRequest()
 9 SYSTEMPATH/Boot.php(325): CodeIgniter\CodeIgniter->run()
10 SYSTEMPATH/Boot.php(67): CodeIgniter\Boot::runCodeIgniter()
11 FCPATH/index.php(56): CodeIgniter\Boot::bootWeb()
CRITICAL - 2024-11-09 03:11:50 --> [Caused by] CodeIgniter\Database\Exceptions\DatabaseException: You have an error in your SQL syntax; check the manual that corresponds to your MariaDB server version for the right syntax to use near ')' at line 3
in SYSTEMPATH/Database/MySQLi/Connection.php on line 317.
 1 SYSTEMPATH/Database/BaseConnection.php(734): CodeIgniter\Database\MySQLi\Connection->execute()
 2 SYSTEMPATH/Database/BaseConnection.php(648): CodeIgniter\Database\BaseConnection->simpleQuery()
 3 SYSTEMPATH/Database/BaseBuilder.php(1644): CodeIgniter\Database\BaseConnection->query()
 4 SYSTEMPATH/Model.php(286): CodeIgniter\Database\BaseBuilder->get()
 5 SYSTEMPATH/BaseModel.php(676): CodeIgniter\Model->doFindAll()
 6 APPPATH/Models/JadwalModel.php(30): CodeIgniter\BaseModel->findAll()
 7 APPPATH/Controllers/JadwalController.php(15): App\Models\JadwalModel->getJadwalImamKhotibJumat()
 8 SYSTEMPATH/CodeIgniter.php(933): App\Controllers\JadwalController->index()
 9 SYSTEMPATH/CodeIgniter.php(509): CodeIgniter\CodeIgniter->runController()
10 SYSTEMPATH/CodeIgniter.php(355): CodeIgniter\CodeIgniter->handleRequest()
11 SYSTEMPATH/Boot.php(325): CodeIgniter\CodeIgniter->run()
12 SYSTEMPATH/Boot.php(67): CodeIgniter\Boot::runCodeIgniter()
13 FCPATH/index.php(56): CodeIgniter\Boot::bootWeb()
CRITICAL - 2024-11-09 03:11:50 --> [Caused by] mysqli_sql_exception: You have an error in your SQL syntax; check the manual that corresponds to your MariaDB server version for the right syntax to use near ')' at line 3
in SYSTEMPATH/Database/MySQLi/Connection.php on line 312.
 1 SYSTEMPATH/Database/MySQLi/Connection.php(312): mysqli->query()
 2 SYSTEMPATH/Database/BaseConnection.php(734): CodeIgniter\Database\MySQLi\Connection->execute()
 3 SYSTEMPATH/Database/BaseConnection.php(648): CodeIgniter\Database\BaseConnection->simpleQuery()
 4 SYSTEMPATH/Database/BaseBuilder.php(1644): CodeIgniter\Database\BaseConnection->query()
 5 SYSTEMPATH/Model.php(286): CodeIgniter\Database\BaseBuilder->get()
 6 SYSTEMPATH/BaseModel.php(676): CodeIgniter\Model->doFindAll()
 7 APPPATH/Models/JadwalModel.php(30): CodeIgniter\BaseModel->findAll()
 8 APPPATH/Controllers/JadwalController.php(15): App\Models\JadwalModel->getJadwalImamKhotibJumat()
 9 SYSTEMPATH/CodeIgniter.php(933): App\Controllers\JadwalController->index()
10 SYSTEMPATH/CodeIgniter.php(509): CodeIgniter\CodeIgniter->runController()
11 SYSTEMPATH/CodeIgniter.php(355): CodeIgniter\CodeIgniter->handleRequest()
12 SYSTEMPATH/Boot.php(325): CodeIgniter\CodeIgniter->run()
13 SYSTEMPATH/Boot.php(67): CodeIgniter\Boot::runCodeIgniter()
14 FCPATH/index.php(56): CodeIgniter\Boot::bootWeb()
ERROR - 2024-11-09 03:12:53 --> mysqli_sql_exception: You have an error in your SQL syntax; check the manual that corresponds to your MariaDB server version for the right syntax to use near ')' at line 3 in /home/u696035254/domains/api.dkm.web.id/public_html/system/Database/MySQLi/Connection.php:312
Stack trace:
#0 /home/u696035254/domains/api.dkm.web.id/public_html/system/Database/MySQLi/Connection.php(312): mysqli->query()
#1 /home/u696035254/domains/api.dkm.web.id/public_html/system/Database/BaseConnection.php(734): CodeIgniter\Database\MySQLi\Connection->execute()
#2 /home/u696035254/domains/api.dkm.web.id/public_html/system/Database/BaseConnection.php(648): CodeIgniter\Database\BaseConnection->simpleQuery()
#3 /home/u696035254/domains/api.dkm.web.id/public_html/system/Database/BaseBuilder.php(1644): CodeIgniter\Database\BaseConnection->query()
#4 /home/u696035254/domains/api.dkm.web.id/public_html/system/Model.php(286): CodeIgniter\Database\BaseBuilder->get()
#5 /home/u696035254/domains/api.dkm.web.id/public_html/system/BaseModel.php(676): CodeIgniter\Model->doFindAll()
#6 /home/u696035254/domains/api.dkm.web.id/public_html/app/Models/JadwalModel.php(30): CodeIgniter\BaseModel->findAll()
#7 /home/u696035254/domains/api.dkm.web.id/public_html/app/Controllers/JadwalController.php(15): App\Models\JadwalModel->getJadwalImamKhotibJumat()
#8 /home/u696035254/domains/api.dkm.web.id/public_html/system/CodeIgniter.php(933): App\Controllers\JadwalController->index()
#9 /home/u696035254/domains/api.dkm.web.id/public_html/system/CodeIgniter.php(509): CodeIgniter\CodeIgniter->runController()
#10 /home/u696035254/domains/api.dkm.web.id/public_html/system/CodeIgniter.php(355): CodeIgniter\CodeIgniter->handleRequest()
#11 /home/u696035254/domains/api.dkm.web.id/public_html/system/Boot.php(325): CodeIgniter\CodeIgniter->run()
#12 /home/u696035254/domains/api.dkm.web.id/public_html/system/Boot.php(67): CodeIgniter\Boot::runCodeIgniter()
#13 /home/u696035254/domains/api.dkm.web.id/public_html/public/index.php(56): CodeIgniter\Boot::bootWeb()
#14 {main}
CRITICAL - 2024-11-09 03:12:53 --> CodeIgniter\Database\Exceptions\DatabaseException: You have an error in your SQL syntax; check the manual that corresponds to your MariaDB server version for the right syntax to use near ')' at line 3
[Method: GET, Route: /]
in SYSTEMPATH/Database/BaseConnection.php on line 688.
 1 SYSTEMPATH/Database/BaseBuilder.php(1644): CodeIgniter\Database\BaseConnection->query()
 2 SYSTEMPATH/Model.php(286): CodeIgniter\Database\BaseBuilder->get()
 3 SYSTEMPATH/BaseModel.php(676): CodeIgniter\Model->doFindAll()
 4 APPPATH/Models/JadwalModel.php(30): CodeIgniter\BaseModel->findAll()
 5 APPPATH/Controllers/JadwalController.php(15): App\Models\JadwalModel->getJadwalImamKhotibJumat()
 6 SYSTEMPATH/CodeIgniter.php(933): App\Controllers\JadwalController->index()
 7 SYSTEMPATH/CodeIgniter.php(509): CodeIgniter\CodeIgniter->runController()
 8 SYSTEMPATH/CodeIgniter.php(355): CodeIgniter\CodeIgniter->handleRequest()
 9 SYSTEMPATH/Boot.php(325): CodeIgniter\CodeIgniter->run()
10 SYSTEMPATH/Boot.php(67): CodeIgniter\Boot::runCodeIgniter()
11 FCPATH/index.php(56): CodeIgniter\Boot::bootWeb()
CRITICAL - 2024-11-09 03:12:53 --> [Caused by] CodeIgniter\Database\Exceptions\DatabaseException: You have an error in your SQL syntax; check the manual that corresponds to your MariaDB server version for the right syntax to use near ')' at line 3
in SYSTEMPATH/Database/MySQLi/Connection.php on line 317.
 1 SYSTEMPATH/Database/BaseConnection.php(734): CodeIgniter\Database\MySQLi\Connection->execute()
 2 SYSTEMPATH/Database/BaseConnection.php(648): CodeIgniter\Database\BaseConnection->simpleQuery()
 3 SYSTEMPATH/Database/BaseBuilder.php(1644): CodeIgniter\Database\BaseConnection->query()
 4 SYSTEMPATH/Model.php(286): CodeIgniter\Database\BaseBuilder->get()
 5 SYSTEMPATH/BaseModel.php(676): CodeIgniter\Model->doFindAll()
 6 APPPATH/Models/JadwalModel.php(30): CodeIgniter\BaseModel->findAll()
 7 APPPATH/Controllers/JadwalController.php(15): App\Models\JadwalModel->getJadwalImamKhotibJumat()
 8 SYSTEMPATH/CodeIgniter.php(933): App\Controllers\JadwalController->index()
 9 SYSTEMPATH/CodeIgniter.php(509): CodeIgniter\CodeIgniter->runController()
10 SYSTEMPATH/CodeIgniter.php(355): CodeIgniter\CodeIgniter->handleRequest()
11 SYSTEMPATH/Boot.php(325): CodeIgniter\CodeIgniter->run()
12 SYSTEMPATH/Boot.php(67): CodeIgniter\Boot::runCodeIgniter()
13 FCPATH/index.php(56): CodeIgniter\Boot::bootWeb()
CRITICAL - 2024-11-09 03:12:53 --> [Caused by] mysqli_sql_exception: You have an error in your SQL syntax; check the manual that corresponds to your MariaDB server version for the right syntax to use near ')' at line 3
in SYSTEMPATH/Database/MySQLi/Connection.php on line 312.
 1 SYSTEMPATH/Database/MySQLi/Connection.php(312): mysqli->query()
 2 SYSTEMPATH/Database/BaseConnection.php(734): CodeIgniter\Database\MySQLi\Connection->execute()
 3 SYSTEMPATH/Database/BaseConnection.php(648): CodeIgniter\Database\BaseConnection->simpleQuery()
 4 SYSTEMPATH/Database/BaseBuilder.php(1644): CodeIgniter\Database\BaseConnection->query()
 5 SYSTEMPATH/Model.php(286): CodeIgniter\Database\BaseBuilder->get()
 6 SYSTEMPATH/BaseModel.php(676): CodeIgniter\Model->doFindAll()
 7 APPPATH/Models/JadwalModel.php(30): CodeIgniter\BaseModel->findAll()
 8 APPPATH/Controllers/JadwalController.php(15): App\Models\JadwalModel->getJadwalImamKhotibJumat()
 9 SYSTEMPATH/CodeIgniter.php(933): App\Controllers\JadwalController->index()
10 SYSTEMPATH/CodeIgniter.php(509): CodeIgniter\CodeIgniter->runController()
11 SYSTEMPATH/CodeIgniter.php(355): CodeIgniter\CodeIgniter->handleRequest()
12 SYSTEMPATH/Boot.php(325): CodeIgniter\CodeIgniter->run()
13 SYSTEMPATH/Boot.php(67): CodeIgniter\Boot::runCodeIgniter()
14 FCPATH/index.php(56): CodeIgniter\Boot::bootWeb()
ERROR - 2024-11-09 03:12:54 --> mysqli_sql_exception: You have an error in your SQL syntax; check the manual that corresponds to your MariaDB server version for the right syntax to use near ')' at line 3 in /home/u696035254/domains/api.dkm.web.id/public_html/system/Database/MySQLi/Connection.php:312
Stack trace:
#0 /home/u696035254/domains/api.dkm.web.id/public_html/system/Database/MySQLi/Connection.php(312): mysqli->query()
#1 /home/u696035254/domains/api.dkm.web.id/public_html/system/Database/BaseConnection.php(734): CodeIgniter\Database\MySQLi\Connection->execute()
#2 /home/u696035254/domains/api.dkm.web.id/public_html/system/Database/BaseConnection.php(648): CodeIgniter\Database\BaseConnection->simpleQuery()
#3 /home/u696035254/domains/api.dkm.web.id/public_html/system/Database/BaseBuilder.php(1644): CodeIgniter\Database\BaseConnection->query()
#4 /home/u696035254/domains/api.dkm.web.id/public_html/system/Model.php(286): CodeIgniter\Database\BaseBuilder->get()
#5 /home/u696035254/domains/api.dkm.web.id/public_html/system/BaseModel.php(676): CodeIgniter\Model->doFindAll()
#6 /home/u696035254/domains/api.dkm.web.id/public_html/app/Models/JadwalModel.php(30): CodeIgniter\BaseModel->findAll()
#7 /home/u696035254/domains/api.dkm.web.id/public_html/app/Controllers/JadwalController.php(15): App\Models\JadwalModel->getJadwalImamKhotibJumat()
#8 /home/u696035254/domains/api.dkm.web.id/public_html/system/CodeIgniter.php(933): App\Controllers\JadwalController->index()
#9 /home/u696035254/domains/api.dkm.web.id/public_html/system/CodeIgniter.php(509): CodeIgniter\CodeIgniter->runController()
#10 /home/u696035254/domains/api.dkm.web.id/public_html/system/CodeIgniter.php(355): CodeIgniter\CodeIgniter->handleRequest()
#11 /home/u696035254/domains/api.dkm.web.id/public_html/system/Boot.php(325): CodeIgniter\CodeIgniter->run()
#12 /home/u696035254/domains/api.dkm.web.id/public_html/system/Boot.php(67): CodeIgniter\Boot::runCodeIgniter()
#13 /home/u696035254/domains/api.dkm.web.id/public_html/public/index.php(56): CodeIgniter\Boot::bootWeb()
#14 {main}
CRITICAL - 2024-11-09 03:12:54 --> CodeIgniter\Database\Exceptions\DatabaseException: You have an error in your SQL syntax; check the manual that corresponds to your MariaDB server version for the right syntax to use near ')' at line 3
[Method: GET, Route: /]
in SYSTEMPATH/Database/BaseConnection.php on line 688.
 1 SYSTEMPATH/Database/BaseBuilder.php(1644): CodeIgniter\Database\BaseConnection->query()
 2 SYSTEMPATH/Model.php(286): CodeIgniter\Database\BaseBuilder->get()
 3 SYSTEMPATH/BaseModel.php(676): CodeIgniter\Model->doFindAll()
 4 APPPATH/Models/JadwalModel.php(30): CodeIgniter\BaseModel->findAll()
 5 APPPATH/Controllers/JadwalController.php(15): App\Models\JadwalModel->getJadwalImamKhotibJumat()
 6 SYSTEMPATH/CodeIgniter.php(933): App\Controllers\JadwalController->index()
 7 SYSTEMPATH/CodeIgniter.php(509): CodeIgniter\CodeIgniter->runController()
 8 SYSTEMPATH/CodeIgniter.php(355): CodeIgniter\CodeIgniter->handleRequest()
 9 SYSTEMPATH/Boot.php(325): CodeIgniter\CodeIgniter->run()
10 SYSTEMPATH/Boot.php(67): CodeIgniter\Boot::runCodeIgniter()
11 FCPATH/index.php(56): CodeIgniter\Boot::bootWeb()
CRITICAL - 2024-11-09 03:12:54 --> [Caused by] CodeIgniter\Database\Exceptions\DatabaseException: You have an error in your SQL syntax; check the manual that corresponds to your MariaDB server version for the right syntax to use near ')' at line 3
in SYSTEMPATH/Database/MySQLi/Connection.php on line 317.
 1 SYSTEMPATH/Database/BaseConnection.php(734): CodeIgniter\Database\MySQLi\Connection->execute()
 2 SYSTEMPATH/Database/BaseConnection.php(648): CodeIgniter\Database\BaseConnection->simpleQuery()
 3 SYSTEMPATH/Database/BaseBuilder.php(1644): CodeIgniter\Database\BaseConnection->query()
 4 SYSTEMPATH/Model.php(286): CodeIgniter\Database\BaseBuilder->get()
 5 SYSTEMPATH/BaseModel.php(676): CodeIgniter\Model->doFindAll()
 6 APPPATH/Models/JadwalModel.php(30): CodeIgniter\BaseModel->findAll()
 7 APPPATH/Controllers/JadwalController.php(15): App\Models\JadwalModel->getJadwalImamKhotibJumat()
 8 SYSTEMPATH/CodeIgniter.php(933): App\Controllers\JadwalController->index()
 9 SYSTEMPATH/CodeIgniter.php(509): CodeIgniter\CodeIgniter->runController()
10 SYSTEMPATH/CodeIgniter.php(355): CodeIgniter\CodeIgniter->handleRequest()
11 SYSTEMPATH/Boot.php(325): CodeIgniter\CodeIgniter->run()
12 SYSTEMPATH/Boot.php(67): CodeIgniter\Boot::runCodeIgniter()
13 FCPATH/index.php(56): CodeIgniter\Boot::bootWeb()
CRITICAL - 2024-11-09 03:12:54 --> [Caused by] mysqli_sql_exception: You have an error in your SQL syntax; check the manual that corresponds to your MariaDB server version for the right syntax to use near ')' at line 3
in SYSTEMPATH/Database/MySQLi/Connection.php on line 312.
 1 SYSTEMPATH/Database/MySQLi/Connection.php(312): mysqli->query()
 2 SYSTEMPATH/Database/BaseConnection.php(734): CodeIgniter\Database\MySQLi\Connection->execute()
 3 SYSTEMPATH/Database/BaseConnection.php(648): CodeIgniter\Database\BaseConnection->simpleQuery()
 4 SYSTEMPATH/Database/BaseBuilder.php(1644): CodeIgniter\Database\BaseConnection->query()
 5 SYSTEMPATH/Model.php(286): CodeIgniter\Database\BaseBuilder->get()
 6 SYSTEMPATH/BaseModel.php(676): CodeIgniter\Model->doFindAll()
 7 APPPATH/Models/JadwalModel.php(30): CodeIgniter\BaseModel->findAll()
 8 APPPATH/Controllers/JadwalController.php(15): App\Models\JadwalModel->getJadwalImamKhotibJumat()
 9 SYSTEMPATH/CodeIgniter.php(933): App\Controllers\JadwalController->index()
10 SYSTEMPATH/CodeIgniter.php(509): CodeIgniter\CodeIgniter->runController()
11 SYSTEMPATH/CodeIgniter.php(355): CodeIgniter\CodeIgniter->handleRequest()
12 SYSTEMPATH/Boot.php(325): CodeIgniter\CodeIgniter->run()
13 SYSTEMPATH/Boot.php(67): CodeIgniter\Boot::runCodeIgniter()
14 FCPATH/index.php(56): CodeIgniter\Boot::bootWeb()
ERROR - 2024-11-09 03:15:06 --> mysqli_sql_exception: You have an error in your SQL syntax; check the manual that corresponds to your MariaDB server version for the right syntax to use near ')' at line 3 in /home/u696035254/domains/api.dkm.web.id/public_html/system/Database/MySQLi/Connection.php:312
Stack trace:
#0 /home/u696035254/domains/api.dkm.web.id/public_html/system/Database/MySQLi/Connection.php(312): mysqli->query()
#1 /home/u696035254/domains/api.dkm.web.id/public_html/system/Database/BaseConnection.php(734): CodeIgniter\Database\MySQLi\Connection->execute()
#2 /home/u696035254/domains/api.dkm.web.id/public_html/system/Database/BaseConnection.php(648): CodeIgniter\Database\BaseConnection->simpleQuery()
#3 /home/u696035254/domains/api.dkm.web.id/public_html/system/Database/BaseBuilder.php(1644): CodeIgniter\Database\BaseConnection->query()
#4 /home/u696035254/domains/api.dkm.web.id/public_html/system/Model.php(286): CodeIgniter\Database\BaseBuilder->get()
#5 /home/u696035254/domains/api.dkm.web.id/public_html/system/BaseModel.php(676): CodeIgniter\Model->doFindAll()
#6 /home/u696035254/domains/api.dkm.web.id/public_html/app/Models/JadwalModel.php(30): CodeIgniter\BaseModel->findAll()
#7 /home/u696035254/domains/api.dkm.web.id/public_html/app/Controllers/JadwalController.php(15): App\Models\JadwalModel->getJadwalImamKhotibJumat()
#8 /home/u696035254/domains/api.dkm.web.id/public_html/system/CodeIgniter.php(933): App\Controllers\JadwalController->index()
#9 /home/u696035254/domains/api.dkm.web.id/public_html/system/CodeIgniter.php(509): CodeIgniter\CodeIgniter->runController()
#10 /home/u696035254/domains/api.dkm.web.id/public_html/system/CodeIgniter.php(355): CodeIgniter\CodeIgniter->handleRequest()
#11 /home/u696035254/domains/api.dkm.web.id/public_html/system/Boot.php(325): CodeIgniter\CodeIgniter->run()
#12 /home/u696035254/domains/api.dkm.web.id/public_html/system/Boot.php(67): CodeIgniter\Boot::runCodeIgniter()
#13 /home/u696035254/domains/api.dkm.web.id/public_html/public/index.php(56): CodeIgniter\Boot::bootWeb()
#14 {main}
CRITICAL - 2024-11-09 03:15:06 --> CodeIgniter\Database\Exceptions\DatabaseException: You have an error in your SQL syntax; check the manual that corresponds to your MariaDB server version for the right syntax to use near ')' at line 3
[Method: GET, Route: /]
in SYSTEMPATH/Database/BaseConnection.php on line 688.
 1 SYSTEMPATH/Database/BaseBuilder.php(1644): CodeIgniter\Database\BaseConnection->query()
 2 SYSTEMPATH/Model.php(286): CodeIgniter\Database\BaseBuilder->get()
 3 SYSTEMPATH/BaseModel.php(676): CodeIgniter\Model->doFindAll()
 4 APPPATH/Models/JadwalModel.php(30): CodeIgniter\BaseModel->findAll()
 5 APPPATH/Controllers/JadwalController.php(15): App\Models\JadwalModel->getJadwalImamKhotibJumat()
 6 SYSTEMPATH/CodeIgniter.php(933): App\Controllers\JadwalController->index()
 7 SYSTEMPATH/CodeIgniter.php(509): CodeIgniter\CodeIgniter->runController()
 8 SYSTEMPATH/CodeIgniter.php(355): CodeIgniter\CodeIgniter->handleRequest()
 9 SYSTEMPATH/Boot.php(325): CodeIgniter\CodeIgniter->run()
10 SYSTEMPATH/Boot.php(67): CodeIgniter\Boot::runCodeIgniter()
11 FCPATH/index.php(56): CodeIgniter\Boot::bootWeb()
CRITICAL - 2024-11-09 03:15:06 --> [Caused by] CodeIgniter\Database\Exceptions\DatabaseException: You have an error in your SQL syntax; check the manual that corresponds to your MariaDB server version for the right syntax to use near ')' at line 3
in SYSTEMPATH/Database/MySQLi/Connection.php on line 317.
 1 SYSTEMPATH/Database/BaseConnection.php(734): CodeIgniter\Database\MySQLi\Connection->execute()
 2 SYSTEMPATH/Database/BaseConnection.php(648): CodeIgniter\Database\BaseConnection->simpleQuery()
 3 SYSTEMPATH/Database/BaseBuilder.php(1644): CodeIgniter\Database\BaseConnection->query()
 4 SYSTEMPATH/Model.php(286): CodeIgniter\Database\BaseBuilder->get()
 5 SYSTEMPATH/BaseModel.php(676): CodeIgniter\Model->doFindAll()
 6 APPPATH/Models/JadwalModel.php(30): CodeIgniter\BaseModel->findAll()
 7 APPPATH/Controllers/JadwalController.php(15): App\Models\JadwalModel->getJadwalImamKhotibJumat()
 8 SYSTEMPATH/CodeIgniter.php(933): App\Controllers\JadwalController->index()
 9 SYSTEMPATH/CodeIgniter.php(509): CodeIgniter\CodeIgniter->runController()
10 SYSTEMPATH/CodeIgniter.php(355): CodeIgniter\CodeIgniter->handleRequest()
11 SYSTEMPATH/Boot.php(325): CodeIgniter\CodeIgniter->run()
12 SYSTEMPATH/Boot.php(67): CodeIgniter\Boot::runCodeIgniter()
13 FCPATH/index.php(56): CodeIgniter\Boot::bootWeb()
CRITICAL - 2024-11-09 03:15:06 --> [Caused by] mysqli_sql_exception: You have an error in your SQL syntax; check the manual that corresponds to your MariaDB server version for the right syntax to use near ')' at line 3
in SYSTEMPATH/Database/MySQLi/Connection.php on line 312.
 1 SYSTEMPATH/Database/MySQLi/Connection.php(312): mysqli->query()
 2 SYSTEMPATH/Database/BaseConnection.php(734): CodeIgniter\Database\MySQLi\Connection->execute()
 3 SYSTEMPATH/Database/BaseConnection.php(648): CodeIgniter\Database\BaseConnection->simpleQuery()
 4 SYSTEMPATH/Database/BaseBuilder.php(1644): CodeIgniter\Database\BaseConnection->query()
 5 SYSTEMPATH/Model.php(286): CodeIgniter\Database\BaseBuilder->get()
 6 SYSTEMPATH/BaseModel.php(676): CodeIgniter\Model->doFindAll()
 7 APPPATH/Models/JadwalModel.php(30): CodeIgniter\BaseModel->findAll()
 8 APPPATH/Controllers/JadwalController.php(15): App\Models\JadwalModel->getJadwalImamKhotibJumat()
 9 SYSTEMPATH/CodeIgniter.php(933): App\Controllers\JadwalController->index()
10 SYSTEMPATH/CodeIgniter.php(509): CodeIgniter\CodeIgniter->runController()
11 SYSTEMPATH/CodeIgniter.php(355): CodeIgniter\CodeIgniter->handleRequest()
12 SYSTEMPATH/Boot.php(325): CodeIgniter\CodeIgniter->run()
13 SYSTEMPATH/Boot.php(67): CodeIgniter\Boot::runCodeIgniter()
14 FCPATH/index.php(56): CodeIgniter\Boot::bootWeb()
CRITICAL - 2024-11-09 03:43:58 --> CodeIgniter\View\Exceptions\ViewException: Invalid file: "imam_khotib/create.php"
[Method: GET, Route: imam-khotib/create]
in SYSTEMPATH/Exceptions/FrameworkException.php on line 41.
 1 SYSTEMPATH/View/View.php(222): CodeIgniter\Exceptions\FrameworkException::forInvalidFile()
 2 SYSTEMPATH/Common.php(1171): CodeIgniter\View\View->render()
 3 APPPATH/Controllers/ImamKhotibController.php(24): view()
 4 SYSTEMPATH/CodeIgniter.php(933): App\Controllers\ImamKhotibController->create()
 5 SYSTEMPATH/CodeIgniter.php(509): CodeIgniter\CodeIgniter->runController()
 6 SYSTEMPATH/CodeIgniter.php(355): CodeIgniter\CodeIgniter->handleRequest()
 7 SYSTEMPATH/Boot.php(325): CodeIgniter\CodeIgniter->run()
 8 SYSTEMPATH/Boot.php(67): CodeIgniter\Boot::runCodeIgniter()
 9 FCPATH/index.php(56): CodeIgniter\Boot::bootWeb()
CRITICAL - 2024-11-09 03:49:29 --> CodeIgniter\View\Exceptions\ViewException: Invalid file: "imam_khotib/create.php"
[Method: GET, Route: imam-khotib/create]
in SYSTEMPATH/Exceptions/FrameworkException.php on line 41.
 1 SYSTEMPATH/View/View.php(222): CodeIgniter\Exceptions\FrameworkException::forInvalidFile()
 2 SYSTEMPATH/Common.php(1171): CodeIgniter\View\View->render()
 3 APPPATH/Controllers/ImamKhotibController.php(24): view()
 4 SYSTEMPATH/CodeIgniter.php(933): App\Controllers\ImamKhotibController->create()
 5 SYSTEMPATH/CodeIgniter.php(509): CodeIgniter\CodeIgniter->runController()
 6 SYSTEMPATH/CodeIgniter.php(355): CodeIgniter\CodeIgniter->handleRequest()
 7 SYSTEMPATH/Boot.php(325): CodeIgniter\CodeIgniter->run()
 8 SYSTEMPATH/Boot.php(67): CodeIgniter\Boot::runCodeIgniter()
 9 FCPATH/index.php(56): CodeIgniter\Boot::bootWeb()
CRITICAL - 2024-11-09 03:49:43 --> CodeIgniter\View\Exceptions\ViewException: Invalid file: "imam_khotib/create.php"
[Method: GET, Route: imam-khotib/create]
in SYSTEMPATH/Exceptions/FrameworkException.php on line 41.
 1 SYSTEMPATH/View/View.php(222): CodeIgniter\Exceptions\FrameworkException::forInvalidFile()
 2 SYSTEMPATH/Common.php(1171): CodeIgniter\View\View->render()
 3 APPPATH/Controllers/ImamKhotibController.php(24): view()
 4 SYSTEMPATH/CodeIgniter.php(933): App\Controllers\ImamKhotibController->create()
 5 SYSTEMPATH/CodeIgniter.php(509): CodeIgniter\CodeIgniter->runController()
 6 SYSTEMPATH/CodeIgniter.php(355): CodeIgniter\CodeIgniter->handleRequest()
 7 SYSTEMPATH/Boot.php(325): CodeIgniter\CodeIgniter->run()
 8 SYSTEMPATH/Boot.php(67): CodeIgniter\Boot::runCodeIgniter()
 9 FCPATH/index.php(56): CodeIgniter\Boot::bootWeb()
CRITICAL - 2024-11-09 03:49:46 --> CodeIgniter\View\Exceptions\ViewException: Invalid file: "imam_khotib/create.php"
[Method: GET, Route: imam-khotib/create]
in SYSTEMPATH/Exceptions/FrameworkException.php on line 41.
 1 SYSTEMPATH/View/View.php(222): CodeIgniter\Exceptions\FrameworkException::forInvalidFile()
 2 SYSTEMPATH/Common.php(1171): CodeIgniter\View\View->render()
 3 APPPATH/Controllers/ImamKhotibController.php(24): view()
 4 SYSTEMPATH/CodeIgniter.php(933): App\Controllers\ImamKhotibController->create()
 5 SYSTEMPATH/CodeIgniter.php(509): CodeIgniter\CodeIgniter->runController()
 6 SYSTEMPATH/CodeIgniter.php(355): CodeIgniter\CodeIgniter->handleRequest()
 7 SYSTEMPATH/Boot.php(325): CodeIgniter\CodeIgniter->run()
 8 SYSTEMPATH/Boot.php(67): CodeIgniter\Boot::runCodeIgniter()
 9 FCPATH/index.php(56): CodeIgniter\Boot::bootWeb()
ERROR - 2024-11-09 03:52:12 --> Error connecting to the database: mysqli_sql_exception: Access denied for user 'u696035254_api'@'localhost' to database 'u696035254_apix' in /home/u696035254/domains/api.dkm.web.id/public_html/system/Database/MySQLi/Connection.php:186
Stack trace:
#0 /home/u696035254/domains/api.dkm.web.id/public_html/system/Database/MySQLi/Connection.php(186): mysqli->real_connect()
#1 /home/u696035254/domains/api.dkm.web.id/public_html/system/Database/BaseConnection.php(421): CodeIgniter\Database\MySQLi\Connection->connect()
#2 /home/u696035254/domains/api.dkm.web.id/public_html/system/Database/BaseConnection.php(616): CodeIgniter\Database\BaseConnection->initialize()
#3 /home/u696035254/domains/api.dkm.web.id/public_html/system/Database/BaseBuilder.php(1644): CodeIgniter\Database\BaseConnection->query()
#4 /home/u696035254/domains/api.dkm.web.id/public_html/system/Model.php(286): CodeIgniter\Database\BaseBuilder->get()
#5 /home/u696035254/domains/api.dkm.web.id/public_html/system/BaseModel.php(676): CodeIgniter\Model->doFindAll()
#6 /home/u696035254/domains/api.dkm.web.id/public_html/app/Controllers/ImamKhotibController.php(18): CodeIgniter\BaseModel->findAll()
#7 /home/u696035254/domains/api.dkm.web.id/public_html/system/CodeIgniter.php(933): App\Controllers\ImamKhotibController->index()
#8 /home/u696035254/domains/api.dkm.web.id/public_html/system/CodeIgniter.php(509): CodeIgniter\CodeIgniter->runController()
#9 /home/u696035254/domains/api.dkm.web.id/public_html/system/CodeIgniter.php(355): CodeIgniter\CodeIgniter->handleRequest()
#10 /home/u696035254/domains/api.dkm.web.id/public_html/system/Boot.php(325): CodeIgniter\CodeIgniter->run()
#11 /home/u696035254/domains/api.dkm.web.id/public_html/system/Boot.php(67): CodeIgniter\Boot::runCodeIgniter()
#12 /home/u696035254/domains/api.dkm.web.id/public_html/public/index.php(56): CodeIgniter\Boot::bootWeb()
#13 {main}

Next CodeIgniter\Database\Exceptions\DatabaseException: Access denied for user '****'@'localhost' to database '****x' in /home/u696035254/domains/api.dkm.web.id/public_html/system/Database/MySQLi/Connection.php:231
Stack trace:
#0 /home/u696035254/domains/api.dkm.web.id/public_html/system/Database/BaseConnection.php(421): CodeIgniter\Database\MySQLi\Connection->connect()
#1 /home/u696035254/domains/api.dkm.web.id/public_html/system/Database/BaseConnection.php(616): CodeIgniter\Database\BaseConnection->initialize()
#2 /home/u696035254/domains/api.dkm.web.id/public_html/system/Database/BaseBuilder.php(1644): CodeIgniter\Database\BaseConnection->query()
#3 /home/u696035254/domains/api.dkm.web.id/public_html/system/Model.php(286): CodeIgniter\Database\BaseBuilder->get()
#4 /home/u696035254/domains/api.dkm.web.id/public_html/system/BaseModel.php(676): CodeIgniter\Model->doFindAll()
#5 /home/u696035254/domains/api.dkm.web.id/public_html/app/Controllers/ImamKhotibController.php(18): CodeIgniter\BaseModel->findAll()
#6 /home/u696035254/domains/api.dkm.web.id/public_html/system/CodeIgniter.php(933): App\Controllers\ImamKhotibController->index()
#7 /home/u696035254/domains/api.dkm.web.id/public_html/system/CodeIgniter.php(509): CodeIgniter\CodeIgniter->runController()
#8 /home/u696035254/domains/api.dkm.web.id/public_html/system/CodeIgniter.php(355): CodeIgniter\CodeIgniter->handleRequest()
#9 /home/u696035254/domains/api.dkm.web.id/public_html/system/Boot.php(325): CodeIgniter\CodeIgniter->run()
#10 /home/u696035254/domains/api.dkm.web.id/public_html/system/Boot.php(67): CodeIgniter\Boot::runCodeIgniter()
#11 /home/u696035254/domains/api.dkm.web.id/public_html/public/index.php(56): CodeIgniter\Boot::bootWeb()
#12 {main}
CRITICAL - 2024-11-09 03:52:12 --> CodeIgniter\Database\Exceptions\DatabaseException: Unable to connect to the database.
Main connection [MySQLi]: Access denied for user '****'@'localhost' to database '****x'
[Method: GET, Route: imam-khotib]
in SYSTEMPATH/Database/BaseConnection.php on line 467.
 1 SYSTEMPATH/Database/BaseConnection.php(616): CodeIgniter\Database\BaseConnection->initialize()
 2 SYSTEMPATH/Database/BaseBuilder.php(1644): CodeIgniter\Database\BaseConnection->query()
 3 SYSTEMPATH/Model.php(286): CodeIgniter\Database\BaseBuilder->get()
 4 SYSTEMPATH/BaseModel.php(676): CodeIgniter\Model->doFindAll()
 5 APPPATH/Controllers/ImamKhotibController.php(18): CodeIgniter\BaseModel->findAll()
 6 SYSTEMPATH/CodeIgniter.php(933): App\Controllers\ImamKhotibController->index()
 7 SYSTEMPATH/CodeIgniter.php(509): CodeIgniter\CodeIgniter->runController()
 8 SYSTEMPATH/CodeIgniter.php(355): CodeIgniter\CodeIgniter->handleRequest()
 9 SYSTEMPATH/Boot.php(325): CodeIgniter\CodeIgniter->run()
10 SYSTEMPATH/Boot.php(67): CodeIgniter\Boot::runCodeIgniter()
11 FCPATH/index.php(56): CodeIgniter\Boot::bootWeb()
ERROR - 2024-11-09 03:55:05 --> Error connecting to the database: mysqli_sql_exception: Access denied for user ''@'localhost' (using password: NO) in /home/u696035254/domains/api.dkm.web.id/public_html/system/Database/MySQLi/Connection.php:186
Stack trace:
#0 /home/u696035254/domains/api.dkm.web.id/public_html/system/Database/MySQLi/Connection.php(186): mysqli->real_connect()
#1 /home/u696035254/domains/api.dkm.web.id/public_html/system/Database/BaseConnection.php(421): CodeIgniter\Database\MySQLi\Connection->connect()
#2 /home/u696035254/domains/api.dkm.web.id/public_html/system/Database/BaseConnection.php(616): CodeIgniter\Database\BaseConnection->initialize()
#3 /home/u696035254/domains/api.dkm.web.id/public_html/system/Database/BaseBuilder.php(1644): CodeIgniter\Database\BaseConnection->query()
#4 /home/u696035254/domains/api.dkm.web.id/public_html/system/Model.php(286): CodeIgniter\Database\BaseBuilder->get()
#5 /home/u696035254/domains/api.dkm.web.id/public_html/system/BaseModel.php(676): CodeIgniter\Model->doFindAll()
#6 /home/u696035254/domains/api.dkm.web.id/public_html/app/Controllers/ImamKhotibController.php(18): CodeIgniter\BaseModel->findAll()
#7 /home/u696035254/domains/api.dkm.web.id/public_html/system/CodeIgniter.php(933): App\Controllers\ImamKhotibController->index()
#8 /home/u696035254/domains/api.dkm.web.id/public_html/system/CodeIgniter.php(509): CodeIgniter\CodeIgniter->runController()
#9 /home/u696035254/domains/api.dkm.web.id/public_html/system/CodeIgniter.php(355): CodeIgniter\CodeIgniter->handleRequest()
#10 /home/u696035254/domains/api.dkm.web.id/public_html/system/Boot.php(325): CodeIgniter\CodeIgniter->run()
#11 /home/u696035254/domains/api.dkm.web.id/public_html/system/Boot.php(67): CodeIgniter\Boot::runCodeIgniter()
#12 /home/u696035254/domains/api.dkm.web.id/public_html/public/index.php(56): CodeIgniter\Boot::bootWeb()
#13 {main}

Next CodeIgniter\Database\Exceptions\DatabaseException: Access denied for user ''@'localhost' (using password: NO) in /home/u696035254/domains/api.dkm.web.id/public_html/system/Database/MySQLi/Connection.php:231
Stack trace:
#0 /home/u696035254/domains/api.dkm.web.id/public_html/system/Database/BaseConnection.php(421): CodeIgniter\Database\MySQLi\Connection->connect()
#1 /home/u696035254/domains/api.dkm.web.id/public_html/system/Database/BaseConnection.php(616): CodeIgniter\Database\BaseConnection->initialize()
#2 /home/u696035254/domains/api.dkm.web.id/public_html/system/Database/BaseBuilder.php(1644): CodeIgniter\Database\BaseConnection->query()
#3 /home/u696035254/domains/api.dkm.web.id/public_html/system/Model.php(286): CodeIgniter\Database\BaseBuilder->get()
#4 /home/u696035254/domains/api.dkm.web.id/public_html/system/BaseModel.php(676): CodeIgniter\Model->doFindAll()
#5 /home/u696035254/domains/api.dkm.web.id/public_html/app/Controllers/ImamKhotibController.php(18): CodeIgniter\BaseModel->findAll()
#6 /home/u696035254/domains/api.dkm.web.id/public_html/system/CodeIgniter.php(933): App\Controllers\ImamKhotibController->index()
#7 /home/u696035254/domains/api.dkm.web.id/public_html/system/CodeIgniter.php(509): CodeIgniter\CodeIgniter->runController()
#8 /home/u696035254/domains/api.dkm.web.id/public_html/system/CodeIgniter.php(355): CodeIgniter\CodeIgniter->handleRequest()
#9 /home/u696035254/domains/api.dkm.web.id/public_html/system/Boot.php(325): CodeIgniter\CodeIgniter->run()
#10 /home/u696035254/domains/api.dkm.web.id/public_html/system/Boot.php(67): CodeIgniter\Boot::runCodeIgniter()
#11 /home/u696035254/domains/api.dkm.web.id/public_html/public/index.php(56): CodeIgniter\Boot::bootWeb()
#12 {main}
CRITICAL - 2024-11-09 03:55:05 --> CodeIgniter\Database\Exceptions\DatabaseException: Unable to connect to the database.
Main connection [MySQLi]: Access denied for user ''@'localhost' (using password: NO)
[Method: GET, Route: imam-khotib]
in SYSTEMPATH/Database/BaseConnection.php on line 467.
 1 SYSTEMPATH/Database/BaseConnection.php(616): CodeIgniter\Database\BaseConnection->initialize()
 2 SYSTEMPATH/Database/BaseBuilder.php(1644): CodeIgniter\Database\BaseConnection->query()
 3 SYSTEMPATH/Model.php(286): CodeIgniter\Database\BaseBuilder->get()
 4 SYSTEMPATH/BaseModel.php(676): CodeIgniter\Model->doFindAll()
 5 APPPATH/Controllers/ImamKhotibController.php(18): CodeIgniter\BaseModel->findAll()
 6 SYSTEMPATH/CodeIgniter.php(933): App\Controllers\ImamKhotibController->index()
 7 SYSTEMPATH/CodeIgniter.php(509): CodeIgniter\CodeIgniter->runController()
 8 SYSTEMPATH/CodeIgniter.php(355): CodeIgniter\CodeIgniter->handleRequest()
 9 SYSTEMPATH/Boot.php(325): CodeIgniter\CodeIgniter->run()
10 SYSTEMPATH/Boot.php(67): CodeIgniter\Boot::runCodeIgniter()
11 FCPATH/index.php(56): CodeIgniter\Boot::bootWeb()
CRITICAL - 2024-11-09 03:55:58 --> CodeIgniter\View\Exceptions\ViewException: Invalid file: "imam_khotib/create.php"
[Method: GET, Route: imam-khotib/create]
in SYSTEMPATH/Exceptions/FrameworkException.php on line 41.
 1 SYSTEMPATH/View/View.php(222): CodeIgniter\Exceptions\FrameworkException::forInvalidFile()
 2 SYSTEMPATH/Common.php(1171): CodeIgniter\View\View->render()
 3 APPPATH/Controllers/ImamKhotibController.php(24): view()
 4 SYSTEMPATH/CodeIgniter.php(933): App\Controllers\ImamKhotibController->create()
 5 SYSTEMPATH/CodeIgniter.php(509): CodeIgniter\CodeIgniter->runController()
 6 SYSTEMPATH/CodeIgniter.php(355): CodeIgniter\CodeIgniter->handleRequest()
 7 SYSTEMPATH/Boot.php(325): CodeIgniter\CodeIgniter->run()
 8 SYSTEMPATH/Boot.php(67): CodeIgniter\Boot::runCodeIgniter()
 9 FCPATH/index.php(56): CodeIgniter\Boot::bootWeb()
CRITICAL - 2024-11-09 03:56:55 --> CodeIgniter\View\Exceptions\ViewException: Invalid file: "imam_khotib/create.php"
[Method: GET, Route: imam-khotib/create]
in SYSTEMPATH/Exceptions/FrameworkException.php on line 41.
 1 SYSTEMPATH/View/View.php(222): CodeIgniter\Exceptions\FrameworkException::forInvalidFile()
 2 SYSTEMPATH/Common.php(1171): CodeIgniter\View\View->render()
 3 APPPATH/Controllers/ImamKhotibController.php(24): view()
 4 SYSTEMPATH/CodeIgniter.php(933): App\Controllers\ImamKhotibController->create()
 5 SYSTEMPATH/CodeIgniter.php(509): CodeIgniter\CodeIgniter->runController()
 6 SYSTEMPATH/CodeIgniter.php(355): CodeIgniter\CodeIgniter->handleRequest()
 7 SYSTEMPATH/Boot.php(325): CodeIgniter\CodeIgniter->run()
 8 SYSTEMPATH/Boot.php(67): CodeIgniter\Boot::runCodeIgniter()
 9 FCPATH/index.php(56): CodeIgniter\Boot::bootWeb()
CRITICAL - 2024-11-09 04:01:44 --> CodeIgniter\View\Exceptions\ViewException: Invalid file: "imam_khotib/create.php"
[Method: GET, Route: imam-khotib/create]
in SYSTEMPATH/Exceptions/FrameworkException.php on line 41.
 1 SYSTEMPATH/View/View.php(222): CodeIgniter\Exceptions\FrameworkException::forInvalidFile()
 2 SYSTEMPATH/Common.php(1171): CodeIgniter\View\View->render()
 3 APPPATH/Controllers/ImamKhotibController.php(24): view()
 4 SYSTEMPATH/CodeIgniter.php(933): App\Controllers\ImamKhotibController->create()
 5 SYSTEMPATH/CodeIgniter.php(509): CodeIgniter\CodeIgniter->runController()
 6 SYSTEMPATH/CodeIgniter.php(355): CodeIgniter\CodeIgniter->handleRequest()
 7 SYSTEMPATH/Boot.php(325): CodeIgniter\CodeIgniter->run()
 8 SYSTEMPATH/Boot.php(67): CodeIgniter\Boot::runCodeIgniter()
 9 FCPATH/index.php(56): CodeIgniter\Boot::bootWeb()
CRITICAL - 2024-11-09 04:39:43 --> CodeIgniter\View\Exceptions\ViewException: Invalid file: "imam_khotib/edit.php"
[Method: GET, Route: imam-khotib/edit/6]
in SYSTEMPATH/Exceptions/FrameworkException.php on line 41.
 1 SYSTEMPATH/View/View.php(222): CodeIgniter\Exceptions\FrameworkException::forInvalidFile()
 2 SYSTEMPATH/Common.php(1171): CodeIgniter\View\View->render()
 3 APPPATH/Controllers/ImamKhotibController.php(45): view()
 4 SYSTEMPATH/CodeIgniter.php(933): App\Controllers\ImamKhotibController->edit()
 5 SYSTEMPATH/CodeIgniter.php(509): CodeIgniter\CodeIgniter->runController()
 6 SYSTEMPATH/CodeIgniter.php(355): CodeIgniter\CodeIgniter->handleRequest()
 7 SYSTEMPATH/Boot.php(325): CodeIgniter\CodeIgniter->run()
 8 SYSTEMPATH/Boot.php(67): CodeIgniter\Boot::runCodeIgniter()
 9 FCPATH/index.php(56): CodeIgniter\Boot::bootWeb()
CRITICAL - 2024-11-09 05:16:36 --> CodeIgniter\View\Exceptions\ViewException: Invalid file: "imam_khotib/edit.php"
[Method: GET, Route: imam-khotib/edit/8]
in SYSTEMPATH/Exceptions/FrameworkException.php on line 41.
 1 SYSTEMPATH/View/View.php(222): CodeIgniter\Exceptions\FrameworkException::forInvalidFile()
 2 SYSTEMPATH/Common.php(1171): CodeIgniter\View\View->render()
 3 APPPATH/Controllers/ImamKhotibController.php(45): view()
 4 SYSTEMPATH/CodeIgniter.php(933): App\Controllers\ImamKhotibController->edit()
 5 SYSTEMPATH/CodeIgniter.php(509): CodeIgniter\CodeIgniter->runController()
 6 SYSTEMPATH/CodeIgniter.php(355): CodeIgniter\CodeIgniter->handleRequest()
 7 SYSTEMPATH/Boot.php(325): CodeIgniter\CodeIgniter->run()
 8 SYSTEMPATH/Boot.php(67): CodeIgniter\Boot::runCodeIgniter()
 9 FCPATH/index.php(56): CodeIgniter\Boot::bootWeb()
